2025-12-19 08:27:12 [SpringApplicationShutdownHook] INFO  org.springframework.boot.tomcat.GracefulShutdown - Commencing graceful shutdown. Waiting for active requests to complete
2025-12-19 08:27:12 [tomcat-shutdown] INFO  org.springframework.boot.tomcat.GracefulShutdown - Graceful shutdown complete
2025-12-19 08:27:12 [SpringApplicationShutdownHook] INFO  org.springframework.orm.jpa.LocalContainerEntityManagerFactoryBean - Closing JPA EntityManagerFactory for persistence unit 'default'
2025-12-19 08:27:13 [SpringApplicationShutdownHook] INFO  com.zaxxer.hikari.HikariDataSource - HikariPool-1 - Shutdown initiated...
2025-12-19 08:27:13 [SpringApplicationShutdownHook] INFO  com.zaxxer.hikari.HikariDataSource - HikariPool-1 - Shutdown completed.
2025-12-19 09:13:32 [main] INFO  com.Anagrafe.AdminService.AdminServiceApplication - Starting AdminServiceApplication using Java 21.0.9 with PID 38095 (/home/biagio/Work/Anagrafe/AdminService/target/classes started by biagio in /home/biagio/Work/Anagrafe/AdminService)
2025-12-19 09:13:32 [main] INFO  com.Anagrafe.AdminService.AdminServiceApplication - Starting AdminServiceApplication using Java 21.0.9 with PID 38095 (/home/biagio/Work/Anagrafe/AdminService/target/classes started by biagio in /home/biagio/Work/Anagrafe/AdminService)
2025-12-19 09:13:32 [main] DEBUG com.Anagrafe.AdminService.AdminServiceApplication - Running with Spring Boot v4.0.0, Spring v7.0.1
2025-12-19 09:13:32 [main] DEBUG com.Anagrafe.AdminService.AdminServiceApplication - Running with Spring Boot v4.0.0, Spring v7.0.1
2025-12-19 09:13:32 [main] INFO  com.Anagrafe.AdminService.AdminServiceApplication - No active profile set, falling back to 1 default profile: "default"
2025-12-19 09:13:32 [main] INFO  com.Anagrafe.AdminService.AdminServiceApplication - No active profile set, falling back to 1 default profile: "default"
2025-12-19 09:13:33 [main] INFO  org.springframework.data.repository.config.RepositoryConfigurationDelegate - Bootstrapping Spring Data JPA repositories in DEFAULT mode.
2025-12-19 09:13:33 [main] INFO  org.springframework.data.repository.config.RepositoryConfigurationDelegate - Finished Spring Data repository scanning in 33 ms. Found 1 JPA repository interface.
2025-12-19 09:13:34 [main] INFO  org.springframework.boot.tomcat.TomcatWebServer - Tomcat initialized with port 8080 (http)
2025-12-19 09:13:34 [main] INFO  org.apache.coyote.http11.Http11NioProtocol - Initializing ProtocolHandler ["http-nio-8080"]
2025-12-19 09:13:34 [main] INFO  org.apache.catalina.core.StandardService - Starting service [Tomcat]
2025-12-19 09:13:34 [main] INFO  org.apache.catalina.core.StandardEngine - Starting Servlet engine: [Apache Tomcat/11.0.14]
2025-12-19 09:13:34 [main] INFO  org.springframework.boot.web.context.servlet.WebApplicationContextInitializer - Root WebApplicationContext: initialization completed in 1355 ms
2025-12-19 09:13:34 [main] INFO  org.hibernate.jpa.internal.util.LogHelper - HHH000204: Processing PersistenceUnitInfo [name: default]
2025-12-19 09:13:34 [main] INFO  org.hibernate.Version - HHH000412: Hibernate ORM core version 7.1.8.Final
2025-12-19 09:13:34 [main] INFO  org.springframework.orm.jpa.persistenceunit.SpringPersistenceUnitInfo - No LoadTimeWeaver setup: ignoring JPA class transformer
2025-12-19 09:13:34 [main] INFO  com.zaxxer.hikari.HikariDataSource - HikariPool-1 - Starting...
2025-12-19 09:13:34 [main] INFO  com.zaxxer.hikari.pool.HikariPool - HikariPool-1 - Added connection org.postgresql.jdbc.PgConnection@608f310a
2025-12-19 09:13:34 [main] INFO  com.zaxxer.hikari.HikariDataSource - HikariPool-1 - Start completed.
2025-12-19 09:13:34 [main] INFO  org.hibernate.orm.connections.pooling - HHH10001005: Database info:
	Database JDBC URL [jdbc:postgresql://localhost:5432/anagrafe]
	Database driver: PostgreSQL JDBC Driver
	Database dialect: PostgreSQLDialect
	Database version: 18.1
	Default catalog/schema: anagrafe/public
	Autocommit mode: undefined/unknown
	Isolation level: READ_COMMITTED [default READ_COMMITTED]
	JDBC fetch size: none
	Pool: DatasourceConnectionProviderImpl
	Minimum pool size: undefined/unknown
	Maximum pool size: undefined/unknown
2025-12-19 09:13:36 [main] INFO  org.hibernate.engine.transaction.jta.platform.internal.JtaPlatformInitiator - HHH000489: No JTA platform available (set 'hibernate.transaction.jta.platform' to enable JTA platform integration)
2025-12-19 09:13:36 [main] INFO  org.springframework.orm.jpa.LocalContainerEntityManagerFactoryBean - Initialized JPA EntityManagerFactory for persistence unit 'default'
2025-12-19 09:13:36 [main] INFO  org.springframework.data.jpa.repository.query.QueryEnhancerFactories - Hibernate is in classpath; If applicable, HQL parser will be used.
2025-12-19 09:13:36 [main] INFO  org.springframework.security.config.annotation.authentication.configuration.InitializeUserDetailsBeanManagerConfigurer$InitializeUserDetailsManagerConfigurer - Global AuthenticationManager configured with UserDetailsService bean with name adminDetailsService
2025-12-19 09:13:36 [main] INFO  Authentication_Logger - Authentication controller created
2025-12-19 09:13:36 [main] WARN  Authentication_Logger - Authentication controller created
2025-12-19 09:13:36 [main] ERROR Authentication_Logger - Authentication controller created
2025-12-19 09:13:36 [main] WARN  org.springframework.boot.jpa.autoconfigure.JpaBaseConfiguration$JpaWebConfiguration - spring.jpa.open-in-view is enabled by default. Therefore, database queries may be performed during view rendering. Explicitly configure spring.jpa.open-in-view to disable this warning
2025-12-19 09:13:37 [main] INFO  org.springframework.boot.webmvc.autoconfigure.WelcomePageHandlerMapping - Adding welcome page: class path resource [static/index.html]
2025-12-19 09:13:37 [main] INFO  org.springframework.boot.tomcat.TomcatWebServer - Tomcat started on port 8080 (http) with context path '/'
2025-12-19 09:13:37 [main] INFO  com.Anagrafe.AdminService.AdminServiceApplication - Started AdminServiceApplication in 5.142 seconds (process running for 6.31)
2025-12-19 09:13:37 [main] INFO  com.Anagrafe.AdminService.AdminServiceApplication - Started AdminServiceApplication in 5.142 seconds (process running for 6.31)
2025-12-19 09:13:37 [SpringApplicationShutdownHook] INFO  org.springframework.boot.tomcat.GracefulShutdown - Commencing graceful shutdown. Waiting for active requests to complete
2025-12-19 09:13:37 [tomcat-shutdown] INFO  org.springframework.boot.tomcat.GracefulShutdown - Graceful shutdown complete
2025-12-19 09:13:37 [SpringApplicationShutdownHook] INFO  org.springframework.orm.jpa.LocalContainerEntityManagerFactoryBean - Closing JPA EntityManagerFactory for persistence unit 'default'
2025-12-19 09:13:37 [SpringApplicationShutdownHook] INFO  com.zaxxer.hikari.HikariDataSource - HikariPool-1 - Shutdown initiated...
2025-12-19 09:13:37 [SpringApplicationShutdownHook] INFO  com.zaxxer.hikari.HikariDataSource - HikariPool-1 - Shutdown completed.
